#
# A fatal error has been detected by the Java Runtime Environment:
#
#  EXCEPTION_ACCESS_VIOLATION (0xc0000005) at pc=0x00007ffda1b59028, pid=14544, tid=8912
#
# JRE version: OpenJDK Runtime Environment Temurin-21.0.6+7 (21.0.6+7) (build 21.0.6+7-LTS)
# Java VM: OpenJDK 64-Bit Server VM Temurin-21.0.6+7 (21.0.6+7-LTS, mixed mode, sharing, tiered, compressed oops, compressed class ptrs, parallel gc, windows-amd64)
# Problematic frame:
# V  [jvm.dll+0xa99028]
#
# No core dump will be written. Minidumps are not enabled by default on client versions of Windows
#
# If you would like to submit a bug report, please visit:
#   https://github.com/adoptium/adoptium-support/issues
#

---------------  S U M M A R Y ------------

Command Line: --add-modules=ALL-SYSTEM --add-opens=java.base/java.util=ALL-UNNAMED --add-opens=java.base/java.lang=ALL-UNNAMED --add-opens=java.base/sun.nio.fs=ALL-UNNAMED -Declipse.application=org.eclipse.jdt.ls.core.id1 -Dosgi.bundles.defaultStartLevel=4 -Declipse.product=org.eclipse.jdt.ls.core.product -Djava.import.generatesMetadataFilesAtProjectRoot=false -DDetectVMInstallationsJob.disabled=true -Dfile.encoding=utf8 -XX:+UseParallelGC -XX:GCTimeRatio=4 -XX:AdaptiveSizePolicyWeight=90 -Dsun.zip.disableMemoryMapping=true -Xmx1G -Xms100m -Xlog:disable -javaagent:c:\Users\Pc\.cursor\extensions\redhat.java-1.41.1-win32-x64\lombok\lombok-1.18.36.jar -XX:+HeapDumpOnOutOfMemoryError -XX:HeapDumpPath=c:\Users\Pc\AppData\Roaming\Cursor\User\workspaceStorage\f21ed30995867a55e8ab550b8be13227\redhat.java -Daether.dependencyCollector.impl=bf c:\Users\Pc\.cursor\extensions\redhat.java-1.41.1-win32-x64\server\plugins\org.eclipse.equinox.launcher_1.7.0.v20250331-1702.jar -configuration c:\Users\Pc\AppData\Roaming\Cursor\User\globalStorage\redhat.java\1.41.1\config_win -data c:\Users\Pc\AppData\Roaming\Cursor\User\workspaceStorage\f21ed30995867a55e8ab550b8be13227\redhat.java\jdt_ws --pipe=\\.\pipe\lsp-934b55ed19a807e0f6cf8b58c2e01bbe-sock

Host: AMD A10-7300 Radeon R6, 10 Compute Cores 4C+6G , 4 cores, 14G,  Windows 10 , 64 bit Build 19041 (10.0.19041.5678)
Time: Thu May  8 17:47:19 2025 Hora de verano romance elapsed time: 6741.642686 seconds (0d 1h 52m 21s)

---------------  T H R E A D  ---------------

Current thread (0x0000023b9453d970):  WorkerThread "GC Thread#2"    [id=8912, stack(0x0000004e55a00000,0x0000004e55b00000) (1024K)]

Stack: [0x0000004e55a00000,0x0000004e55b00000],  sp=0x0000004e55affa98,  free space=1022k
Native frames: (J=compiled Java code, j=interpreted, Vv=VM code, C=native code)
V  [jvm.dll+0xa99028]


siginfo: EXCEPTION_ACCESS_VIOLATION (0xc0000005), data execution prevention violation at address 0x00007ffda1b59028


Registers:
RAX=0x000000000000023b, RBX=0x0000023b39c4a8a0, RCX=0x0000004e55affae0, RDX=0x00000000c68720a8
RSP=0x0000004e55affa98, RBP=0x00007ffda1aaa4e0, RSI=0x0000000000001989, RDI=0x00000000c68720a8
R8 =0x0000023b4e03d430, R9 =0x0000023b4e000000, R10=0x00000000c68720a8, R11=0x0000000000000a9d
R12=0x00007ffda1cf8130, R13=0x0000004e55affc88, R14=0x0000000000000000, R15=0x00007ffda1b4b3e0
RIP=0x00007ffda1b59028, EFLAGS=0x0000000000010206

XMM[0]=0x0000023b00006800 0x00000000c6a65900
XMM[1]=0x0000000000000000 0x0000004e56aff530
XMM[2]=0x0000000000000000 0x0000000000000000
XMM[3]=0x0000000000000000 0x0000000000000000
XMM[4]=0x0000000000000000 0x0000000000000000
XMM[5]=0x0000000000000000 0x0000000000000000
XMM[6]=0x0000000000000000 0x0000000000000000
XMM[7]=0x0000000000000000 0x0000000000000000
XMM[8]=0x0000000000000000 0x0000000000000000
XMM[9]=0x0000000000000000 0x0000000000000000
XMM[10]=0x0000000000000000 0x0000000000000000
XMM[11]=0x0000000000000000 0x0000000000000000
XMM[12]=0x0000000000000000 0x0000000000000000
XMM[13]=0x0000000000000000 0x0000000000000000
XMM[14]=0x0000000000000000 0x0000000000000000
XMM[15]=0x0000000000000000 0x0000000000000000
  MXCSR=0x00001fa0


Register to memory mapping:

RAX=0x000000000000023b is an unknown value
RBX=0x0000023b39c4a8a0 points into unknown readable memory: 0x0000023b378b0150 | 50 01 8b 37 3b 02 00 00
RCX=0x0000004e55affae0 points into unknown readable memory: 0x00007ffda1b4b3e0 | e0 b3 b4 a1 fd 7f 00 00
RDX=0x00000000c68720a8 points into unknown readable memory: 0x0000000000000009 | 09 00 00 00 00 00 00 00
RSP=0x0000004e55affa98 points into unknown readable memory: 0x00007ffda17c32a3 | a3 32 7c a1 fd 7f 00 00
RBP=0x00007ffda1aaa4e0 jvm.dll
RSI=0x0000000000001989 is an unknown value
RDI=0x00000000c68720a8 points into unknown readable memory: 0x0000000000000009 | 09 00 00 00 00 00 00 00
R8 =0x0000023b4e03d430 is pointing into metadata
R9 =0x0000023b4e000000 is pointing into metadata
R10=0x00000000c68720a8 points into unknown readable memory: 0x0000000000000009 | 09 00 00 00 00 00 00 00
R11=0x0000000000000a9d is an unknown value
R12=0x00007ffda1cf8130 jvm.dll
R13=0x0000004e55affc88 points into unknown readable memory: 0x00007ffda1b4be30 | 30 be b4 a1 fd 7f 00 00
R14=0x0 is null
R15=0x00007ffda1b4b3e0 jvm.dll

Top of Stack: (sp=0x0000004e55affa98)
0x0000004e55affa98:   00007ffda17c32a3 0000000000001989
0x0000004e55affaa8:   0000023b39c4a8a0 00007ffda1aaa4e0
0x0000004e55affab8:   0000000000000000 0000000000000000
0x0000004e55affac8:   00007ffda179a74a 00000000c66745e0
0x0000004e55affad8:   00000000c6a7f908 00007ffda1b4b3e0
0x0000004e55affae8:   0000023b378df340 0000000000000004
0x0000004e55affaf8:   0000023b39c4a8a0 0000023b9678e2a0
0x0000004e55affb08:   0000023b4def2858 00000000000003d8
0x0000004e55affb18:   0000000000000000 0000023b4def2470
0x0000004e55affb28:   00007ffda17c2998 0000023b39c4a8a0
0x0000004e55affb38:   0000023b4def2470 000000000000007f
0x0000004e55affb48:   0000023b39c4a8a0 00000000c6a65900
0x0000004e55affb58:   0000023b00006000 0000000000000000
0x0000004e55affb68:   0000000000000000 0000023b4def2480
0x0000004e55affb78:   00007ffda17c6e2d 0000023b39c4a8a0
0x0000004e55affb88:   0000023b4def2470 0000023b945f9f50
0x0000004e55affb98:   0000023b39c4a8a0 00007ffda1b4bc50
0x0000004e55affba8:   0000023b39c4a8a0 00007ffda1ae8bd8
0x0000004e55affbb8:   0000004e55affba0 0000000000000000
0x0000004e55affbc8:   00007ffda17ce401 0000000000000001
0x0000004e55affbd8:   0000023b9678e2a0 0000004e54efec50
0x0000004e55affbe8:   0000023b39c4a8a0 0000023ba15ff518
0x0000004e55affbf8:   00007ffda191c25f 0000023ba15ff440
0x0000004e55affc08:   0000000000001138 0000004e55affc88
0x0000004e55affc18:   0000023b39c4a8a0 0000000000000000
0x0000004e55affc28:   0000000000000000 0000000000000070
0x0000004e55affc38:   0000000000000002 0000023b9453d970
0x0000004e55affc48:   00007ffda17ca7a3 0000023b94105520
0x0000004e55affc58:   0000023b94748fd8 0000000000000002
0x0000004e55affc68:   0000000000000002 0000004e00000002
0x0000004e55affc78:   00007ffda1b4bc50 0000023b39c4a8a0
0x0000004e55affc88:   00007ffda1b4be30 0000000000000002 

Instructions: (pc=0x00007ffda1b59028)
0x00007ffda1b58f28:   20 20 20 20 20 20 46 55 3a 20 43 6f 64 65 20 43
0x00007ffda1b58f38:   61 63 68 65 20 52 6f 6f 74 73 00 00 00 00 00 00
0x00007ffda1b58f48:   20 20 20 20 20 20 46 55 3a 20 56 4d 20 53 74 72
0x00007ffda1b58f58:   6f 6e 67 20 52 6f 6f 74 73 00 00 00 00 00 00 00
0x00007ffda1b58f68:   20 20 20 20 20 20 46 55 3a 20 56 4d 20 57 65 61
0x00007ffda1b58f78:   6b 20 52 6f 6f 74 73 00 20 20 20 20 20 20 46 55
0x00007ffda1b58f88:   3a 20 43 4c 44 47 20 52 6f 6f 74 73 00 00 00 00
0x00007ffda1b58f98:   20 20 20 20 20 20 46 55 3a 20 55 6e 6c 6f 61 64
0x00007ffda1b58fa8:   20 43 6f 64 65 20 43 61 63 68 65 73 00 00 00 00
0x00007ffda1b58fb8:   20 20 20 20 20 20 46 55 3a 20 55 6e 6c 69 6e 6b
0x00007ffda1b58fc8:   20 43 4c 44 73 00 00 00 20 20 20 20 20 20 46 55
0x00007ffda1b58fd8:   3a 20 57 65 61 6b 20 52 65 66 65 72 65 6e 63 65
0x00007ffda1b58fe8:   73 00 00 00 00 00 00 00 20 20 20 20 20 20 46 55
0x00007ffda1b58ff8:   3a 20 50 61 72 61 6c 6c 65 6c 20 4d 61 72 6b 00
0x00007ffda1b59008:   20 20 4d 61 72 6b 00 00 20 20 20 20 20 20 20 20
0x00007ffda1b59018:   43 55 3a 20 3c 74 6f 74 61 6c 3e 00 00 00 00 00
0x00007ffda1b59028:   20 20 20 20 20 20 20 20 43 55 3a 20 54 68 72 65
0x00007ffda1b59038:   61 64 20 52 6f 6f 74 73 00 00 00 00 00 00 00 00
0x00007ffda1b59048:   20 20 20 20 20 20 20 20 43 55 3a 20 43 6f 64 65
0x00007ffda1b59058:   20 43 61 63 68 65 20 52 6f 6f 74 73 00 00 00 00
0x00007ffda1b59068:   20 20 20 20 20 20 20 20 43 55 3a 20 56 4d 20 53
0x00007ffda1b59078:   74 72 6f 6e 67 20 52 6f 6f 74 73 00 00 00 00 00
0x00007ffda1b59088:   20 20 20 20 20 20 20 20 43 55 3a 20 56 4d 20 57
0x00007ffda1b59098:   65 61 6b 20 52 6f 6f 74 73 00 00 00 00 00 00 00
0x00007ffda1b590a8:   20 20 20 20 20 20 20 20 43 55 3a 20 43 4c 44 47
0x00007ffda1b590b8:   20 52 6f 6f 74 73 00 00 20 20 20 20 20 20 20 20
0x00007ffda1b590c8:   43 55 3a 20 55 6e 6c 6f 61 64 20 43 6f 64 65 20
0x00007ffda1b590d8:   43 61 63 68 65 73 00 00 20 20 20 20 20 20 20 20
0x00007ffda1b590e8:   43 55 3a 20 55 6e 6c 69 6e 6b 20 43 4c 44 73 00
0x00007ffda1b590f8:   20 20 20 20 20 20 20 20 43 55 3a 20 57 65 61 6b
0x00007ffda1b59108:   20 52 65 66 65 72 65 6e 63 65 73 00 00 00 00 00
0x00007ffda1b59118:   20 20 20 20 20 20 20 20 43 55 3a 20 50 61 72 61 


Stack slot to memory mapping:

stack at sp + 0 slots: 0x00007ffda17c32a3 jvm.dll
stack at sp + 1 slots: 0x0000000000001989 is an unknown value
stack at sp + 2 slots: 0x0000023b39c4a8a0 points into unknown readable memory: 0x0000023b378b0150 | 50 01 8b 37 3b 02 00 00
stack at sp + 3 slots: 0x00007ffda1aaa4e0 jvm.dll
stack at sp + 4 slots: 0x0 is null
stack at sp + 5 slots: 0x0 is null
stack at sp + 6 slots: 0x00007ffda179a74a jvm.dll
stack at sp + 7 slots: 0x00000000c66745e0 is an oop: java.util.concurrent.ConcurrentHashMap$Node 
{0x00000000c66745e0} - klass: 'java/util/concurrent/ConcurrentHashMap$Node'
 - ---- fields (total size 4 words):
 - final 'hash' 'I' @12  1731225598 (0x673067fe)
 - final 'key' 'Ljava/lang/Object;' @16  a 'jdk/internal/jrtfs/JrtPath'{0x00000000c6674600} (0xc6674600)
 - volatile 'val' 'Ljava/lang/Object;' @20  a 'org/eclipse/jdt/internal/compiler/util/SoftClassCache$ClassBytes'{0x00000000c66746a0} (0xc66746a0)
 - volatile 'next' 'Ljava/util/concurrent/ConcurrentHashMap$Node;' @24  a 'java/util/concurrent/ConcurrentHashMap$Node'{0x00000000c67f6c00} (0xc67f6c00)


---------------  P R O C E S S  ---------------

Threads class SMR info:
_java_thread_list=0x0000023b965c8fb0, length=47, elements={
0x0000023b378ec970, 0x0000023b4deb8370, 0x0000023b4deb9430, 0x0000023b4debb990,
0x0000023b4debf6a0, 0x0000023b4dec2a50, 0x0000023b4dec3800, 0x0000023b4dec4630,
0x0000023b4df34ec0, 0x0000023b39bf8f80, 0x0000023b941ca090, 0x0000023b94643ba0,
0x0000023b945ac660, 0x0000023b944e70a0, 0x0000023b944959a0, 0x0000023b944c2440,
0x0000023b94bf8440, 0x0000023b94dc4250, 0x0000023b94dc1460, 0x0000023b96793e80,
0x0000023b9678e2a0, 0x0000023b9678efc0, 0x0000023b9678f650, 0x0000023b9678e930,
0x0000023b967937f0, 0x0000023b96792440, 0x0000023b96794ba0, 0x0000023b96790a00,
0x0000023b97e1c5d0, 0x0000023b959b8840, 0x0000023b959b8ed0, 0x0000023b97e16360,
0x0000023b96795230, 0x0000023b97e17710, 0x0000023b97e18ac0, 0x0000023b97e1a500,
0x0000023b96790370, 0x0000023b96793160, 0x0000023b9678dc10, 0x0000023b94dc1af0,
0x0000023b97e18430, 0x0000023b97e197e0, 0x0000023b97e19e70, 0x0000023b94dc2ea0,
0x0000023b959b81b0, 0x0000023b95a54170, 0x0000023b95a59030
}

Java Threads: ( => current thread )
  0x0000023b378ec970 JavaThread "main"                              [_thread_blocked, id=8040, stack(0x0000004e54b00000,0x0000004e54c00000) (1024K)]
  0x0000023b4deb8370 JavaThread "Reference Handler"          daemon [_thread_blocked, id=6620, stack(0x0000004e54f00000,0x0000004e55000000) (1024K)]
  0x0000023b4deb9430 JavaThread "Finalizer"                  daemon [_thread_blocked, id=6384, stack(0x0000004e55000000,0x0000004e55100000) (1024K)]
  0x0000023b4debb990 JavaThread "Signal Dispatcher"          daemon [_thread_blocked, id=8828, stack(0x0000004e55100000,0x0000004e55200000) (1024K)]
  0x0000023b4debf6a0 JavaThread "Attach Listener"            daemon [_thread_blocked, id=6432, stack(0x0000004e55200000,0x0000004e55300000) (1024K)]
  0x0000023b4dec2a50 JavaThread "Service Thread"             daemon [_thread_blocked, id=14952, stack(0x0000004e55300000,0x0000004e55400000) (1024K)]
  0x0000023b4dec3800 JavaThread "Monitor Deflation Thread"   daemon [_thread_blocked, id=2488, stack(0x0000004e55400000,0x0000004e55500000) (1024K)]
  0x0000023b4dec4630 JavaThread "C2 CompilerThread0"         daemon [_thread_blocked, id=13948, stack(0x0000004e55500000,0x0000004e55600000) (1024K)]
  0x0000023b4df34ec0 JavaThread "C1 CompilerThread0"         daemon [_thread_blocked, id=15112, stack(0x0000004e55600000,0x0000004e55700000) (1024K)]
  0x0000023b39bf8f80 JavaThread "Common-Cleaner"             daemon [_thread_blocked, id=6296, stack(0x0000004e55700000,0x0000004e55800000) (1024K)]
  0x0000023b941ca090 JavaThread "Notification Thread"        daemon [_thread_blocked, id=12648, stack(0x0000004e55800000,0x0000004e55900000) (1024K)]
  0x0000023b94643ba0 JavaThread "Active Thread: Equinox Container: 54b4ebe0-c295-4284-9260-0edb1af9b879"        [_thread_blocked, id=10156, stack(0x0000004e55c00000,0x0000004e55d00000) (1024K)]
  0x0000023b945ac660 JavaThread "Refresh Thread: Equinox Container: 54b4ebe0-c295-4284-9260-0edb1af9b879" daemon [_thread_blocked, id=14792, stack(0x0000004e55d00000,0x0000004e55e00000) (1024K)]
  0x0000023b944e70a0 JavaThread "Framework Event Dispatcher: Equinox Container: 54b4ebe0-c295-4284-9260-0edb1af9b879" daemon [_thread_blocked, id=11640, stack(0x0000004e55e00000,0x0000004e55f00000) (1024K)]
  0x0000023b944959a0 JavaThread "Start Level: Equinox Container: 54b4ebe0-c295-4284-9260-0edb1af9b879" daemon [_thread_blocked, id=8148, stack(0x0000004e55f00000,0x0000004e56000000) (1024K)]
  0x0000023b944c2440 JavaThread "Bundle File Closer"         daemon [_thread_blocked, id=3848, stack(0x0000004e56100000,0x0000004e56200000) (1024K)]
  0x0000023b94bf8440 JavaThread "SCR Component Actor"        daemon [_thread_blocked, id=14992, stack(0x0000004e56000000,0x0000004e56100000) (1024K)]
  0x0000023b94dc4250 JavaThread "Worker-JM"                         [_thread_blocked, id=12928, stack(0x0000004e56300000,0x0000004e56400000) (1024K)]
  0x0000023b94dc1460 JavaThread "Java indexing"              daemon [_thread_blocked, id=14824, stack(0x0000004e56200000,0x0000004e56300000) (1024K)]
  0x0000023b96793e80 JavaThread "JNA Cleaner"                daemon [_thread_blocked, id=11900, stack(0x0000004e56900000,0x0000004e56a00000) (1024K)]
  0x0000023b9678e2a0 JavaThread "Thread-2"                   daemon [_thread_in_native, id=7800, stack(0x0000004e56a00000,0x0000004e56b00000) (1024K)]
  0x0000023b9678efc0 JavaThread "Thread-3"                   daemon [_thread_in_native, id=14968, stack(0x0000004e56c00000,0x0000004e56d00000) (1024K)]
  0x0000023b9678f650 JavaThread "Thread-4"                   daemon [_thread_in_native, id=13276, stack(0x0000004e56d00000,0x0000004e56e00000) (1024K)]
  0x0000023b9678e930 JavaThread "Thread-5"                   daemon [_thread_in_native, id=2840, stack(0x0000004e56e00000,0x0000004e56f00000) (1024K)]
  0x0000023b967937f0 JavaThread "Thread-6"                   daemon [_thread_in_native, id=10760, stack(0x0000004e56f00000,0x0000004e57000000) (1024K)]
  0x0000023b96792440 JavaThread "pool-2-thread-1"                   [_thread_blocked, id=15216, stack(0x0000004e57000000,0x0000004e57100000) (1024K)]
  0x0000023b96794ba0 JavaThread "WorkspaceEventsHandler"            [_thread_blocked, id=9264, stack(0x0000004e57200000,0x0000004e57300000) (1024K)]
  0x0000023b96790a00 JavaThread "pool-1-thread-1"                   [_thread_blocked, id=9480, stack(0x0000004e57300000,0x0000004e57400000) (1024K)]
  0x0000023b97e1c5d0 JavaThread "Java Debug Server"          daemon [_thread_in_native, id=16684, stack(0x0000004e54900000,0x0000004e54a00000) (1024K)]
  0x0000023b959b8840 JavaThread "RxSchedulerPurge-1"         daemon [_thread_blocked, id=11504, stack(0x0000004e58300000,0x0000004e58400000) (1024K)]
  0x0000023b959b8ed0 JavaThread "RxCachedWorkerPoolEvictor-1" daemon [_thread_blocked, id=1800, stack(0x0000004e58400000,0x0000004e58500000) (1024K)]
  0x0000023b97e16360 JavaThread "Worker-18"                         [_thread_blocked, id=15800, stack(0x0000004e57400000,0x0000004e57500000) (1024K)]
  0x0000023b96795230 JavaThread "Worker-23"                         [_thread_blocked, id=6680, stack(0x0000004e57100000,0x0000004e57200000) (1024K)]
  0x0000023b97e17710 JavaThread "ForkJoinPool.commonPool-worker-23" daemon [_thread_blocked, id=6292, stack(0x0000004e54a00000,0x0000004e54b00000) (1024K)]
  0x0000023b97e18ac0 JavaThread "ForkJoinPool.commonPool-worker-26" daemon [_thread_blocked, id=10528, stack(0x0000004e56600000,0x0000004e56700000) (1024K)]
  0x0000023b97e1a500 JavaThread "pool-8-thread-5"                   [_thread_in_native, id=5624, stack(0x0000004e56800000,0x0000004e56900000) (1024K)]
  0x0000023b96790370 JavaThread "RxNewThreadScheduler-11"    daemon [_thread_blocked, id=7152, stack(0x0000004e56b00000,0x0000004e56c00000) (1024K)]
  0x0000023b96793160 JavaThread "Packet Receive Manager"     daemon [_thread_in_native, id=8, stack(0x0000004e57500000,0x0000004e57600000) (1024K)]
  0x0000023b9678dc10 JavaThread "Packet Send Manager"        daemon [_thread_blocked, id=3844, stack(0x0000004e57700000,0x0000004e57800000) (1024K)]
  0x0000023b94dc1af0 JavaThread "Event Hub"                  daemon [_thread_blocked, id=6216, stack(0x0000004e57600000,0x0000004e57700000) (1024K)]
  0x0000023b97e18430 JavaThread "Worker-26"                         [_thread_blocked, id=16220, stack(0x0000004e57b00000,0x0000004e57c00000) (1024K)]
  0x0000023b97e197e0 JavaThread "ForkJoinPool.commonPool-worker-27" daemon [_thread_blocked, id=11112, stack(0x0000004e56700000,0x0000004e56800000) (1024K)]
  0x0000023b97e19e70 JavaThread "HttpClient-3-SelectorManager" daemon [_thread_in_native, id=10820, stack(0x0000004e57a00000,0x0000004e57b00000) (1024K)]
  0x0000023b94dc2ea0 JavaThread "Worker-27"                         [_thread_blocked, id=2672, stack(0x0000004e57e00000,0x0000004e57f00000) (1024K)]
  0x0000023b959b81b0 JavaThread "Worker-28"                         [_thread_blocked, id=628, stack(0x0000004e56400000,0x0000004e56500000) (1024K)]
  0x0000023b95a54170 JavaThread "HttpClient-4-SelectorManager" daemon [_thread_in_native, id=15132, stack(0x0000004e57f00000,0x0000004e58000000) (1024K)]
  0x0000023b95a59030 JavaThread "HttpClient-6-SelectorManager" daemon [_thread_in_native, id=5584, stack(0x0000004e58200000,0x0000004e58300000) (1024K)]
Total: 47

Other Threads:
  0x0000023b39c4c230 VMThread "VM Thread"                           [id=1108, stack(0x0000004e54e00000,0x0000004e54f00000) (1024K)]
  0x0000023b39bf7a50 WatcherThread "VM Periodic Task Thread"        [id=1128, stack(0x0000004e54d00000,0x0000004e54e00000) (1024K)]
  0x0000023b39babec0 WorkerThread "GC Thread#0"                     [id=9996, stack(0x0000004e54c00000,0x0000004e54d00000) (1024K)]
  0x0000023b943d9c30 WorkerThread "GC Thread#1"                     [id=16544, stack(0x0000004e55900000,0x0000004e55a00000) (1024K)]
=>0x0000023b9453d970 WorkerThread "GC Thread#2"                     [id=8912, stack(0x0000004e55a00000,0x0000004e55b00000) (1024K)]
  0x0000023b9453dd10 WorkerThread "GC Thread#3"                     [id=11996, stack(0x0000004e55b00000,0x0000004e55c00000) (1024K)]
Total: 6

Threads with active compile tasks:
Total: 0

VM state: at safepoint (normal execution)

VM Mutex/Monitor currently owned by a thread:  ([mutex/lock_event])
[0x00007ffda1d6e380] Threads_lock - owner thread: 0x0000023b39c4c230
[0x00007ffda1d6e480] Heap_lock - owner thread: 0x0000023b97e17710

Heap address: 0x00000000c0000000, size: 1024 MB, Compressed Oops mode: 32-bit

CDS archive(s) mapped at: [0x0000023b4e000000-0x0000023b4eba0000-0x0000023b4eba0000), size 12189696, SharedBaseAddress: 0x0000023b4e000000, ArchiveRelocationMode: 1.
Compressed class space mapped at: 0x0000023b4f000000-0x0000023b8f000000, reserved size: 1073741824
Narrow klass base: 0x0000023b4e000000, Narrow klass shift: 0, Narrow klass range: 0x100000000

GC Precious Log:
 CardTable entry size: 512
 CPUs: 4 total, 4 available
 Memory: 15306M
 Large Page Support: Disabled
 NUMA Support: Disabled
 Compressed Oops: Enabled (32-bit)
 Alignments: Space 512K, Generation 512K, Heap 2M
 Heap Min Capacity: 100M
 Heap Initial Capacity: 100M
 Heap Max Capacity: 1G
 Pre-touch: Disabled
 Parallel Workers: 4

Heap:
 PSYoungGen      total 2048K, used 2047K [0x00000000eab00000, 0x00000000eb080000, 0x0000000100000000)
  eden space 1024K, 99% used [0x00000000eab00000,0x00000000eabffff8,0x00000000eac00000)
  from space 1024K, 100% used [0x00000000eac00000,0x00000000ead00000,0x00000000ead00000)
  to   space 2048K, 0% used [0x00000000eae80000,0x00000000eae80000,0x00000000eb080000)
 ParOldGen       total 698880K, used 698669K [0x00000000c0000000, 0x00000000eaa80000, 0x00000000eab00000)
  object space 698880K, 99% used [0x00000000c0000000,0x00000000eaa4b5e8,0x00000000eaa80000)
 Metaspace       used 106418K, committed 108288K, reserved 1179648K
  class space    used 11056K, committed 11968K, reserved 1048576K

Card table byte_map: [0x0000023b39530000,0x0000023b39740000] _byte_map_base: 0x0000023b38f30000

Marking Bits: (ParMarkBitMap*) 0x00007ffda1d73260
 Begin Bits: [0x0000023b4bd80000, 0x0000023b4cd80000)
 End Bits:   [0x0000023b4cd80000, 0x0000023b4dd80000)

Polling page: 0x0000023b37880000

Metaspace:

Usage:
  Non-class:     93.13 MB used.
      Class:     10.80 MB used.
       Both:    103.92 MB used.

Virtual space:
  Non-class space:      128.00 MB reserved,      94.06 MB ( 73%) committed,  2 nodes.
      Class space:        1.00 GB reserved,      11.69 MB (  1%) committed,  1 nodes.
             Both:        1.12 GB reserved,     105.75 MB (  9%) committed. 

Chunk freelists:
   Non-Class:  1.33 MB
       Class:  4.22 MB
        Both:  5.55 MB

MaxMetaspaceSize: unlimited
CompressedClassSpaceSize: 1.00 GB
Initial GC threshold: 21.00 MB
Current GC threshold: 165.56 MB
CDS: on
 - commit_granule_bytes: 65536.
 - commit_granule_words: 8192.
 - virtual_space_node_default_size: 8388608.
 - enlarge_chunks_in_place: 1.
 - use_allocation_guard: 0.


Internal statistics:

num_allocs_failed_limit: 9.
num_arena_births: 2176.
num_arena_deaths: 470.
num_vsnodes_births: 3.
num_vsnodes_deaths: 0.
num_space_committed: 1691.
num_space_uncommitted: 0.
num_chunks_returned_to_freelist: 567.
num_chunks_taken_from_freelist: 7668.
num_chunk_merges: 139.
num_chunk_splits: 4412.
num_chunks_enlarged: 2372.
num_inconsistent_stats: 0.

CodeHeap 'non-profiled nmethods': size=120000Kb used=22650Kb max_used=22650Kb free=97349Kb
 bounds [0x0000023b44850000, 0x0000023b45e70000, 0x0000023b4bd80000]
CodeHeap 'profiled nmethods': size=120000Kb used=45550Kb max_used=46505Kb free=74449Kb
 bounds [0x0000023b3cd80000, 0x0000023b3faf0000, 0x0000023b442b0000]
CodeHeap 'non-nmethods': size=5760Kb used=1589Kb max_used=1649Kb free=4170Kb
 bounds [0x0000023b442b0000, 0x0000023b44520000, 0x0000023b44850000]
 total_blobs=19707 nmethods=18785 adapters=823
 compilation: enabled
              stopped_count=0, restarted_count=0
 full_count=0

Compilation events (20 events):
Event: 6735.328 Thread 0x0000023b4dec4630 26741       4       org.eclipse.jdt.internal.compiler.lookup.TypeBinding::isHierarchyInconsistent (17 bytes)
Event: 6735.329 Thread 0x0000023b4dec4630 nmethod 26741 0x0000023b45e6af90 code [0x0000023b45e6b120, 0x0000023b45e6b1e0]
Event: 6735.329 Thread 0x0000023b4dec4630 26742       4       org.eclipse.jdt.internal.compiler.lookup.MethodBinding::areParameterErasuresEqual (88 bytes)
Event: 6735.339 Thread 0x0000023b4dec4630 nmethod 26742 0x0000023b45e6b290 code [0x0000023b45e6b440, 0x0000023b45e6b750]
Event: 6735.410 Thread 0x0000023b4df34ec0 26743       3       org.eclipse.jdt.internal.core.search.JavaSearchScope::initialize (84 bytes)
Event: 6735.411 Thread 0x0000023b4df34ec0 nmethod 26743 0x0000023b3f530310 code [0x0000023b3f530500, 0x0000023b3f530be8]
Event: 6735.783 Thread 0x0000023b4df34ec0 26744       3       org.eclipse.jdt.internal.compiler.parser.Parser::consumeTypeImportOnDemandDeclarationName (213 bytes)
Event: 6735.785 Thread 0x0000023b4df34ec0 nmethod 26744 0x0000023b3f376f90 code [0x0000023b3f3771a0, 0x0000023b3f377988]
Event: 6735.811 Thread 0x0000023b4dec4630 26745   !   4       org.eclipse.jdt.internal.core.JavaModelManager::getClasspathContainer (92 bytes)
Event: 6735.812 Thread 0x0000023b4df34ec0 26746   !   3       org.eclipse.jdt.internal.core.search.IndexSelector::initializeIndexLocations (653 bytes)
Event: 6735.821 Thread 0x0000023b4df34ec0 nmethod 26746 0x0000023b3f36ff10 code [0x0000023b3f3705c0, 0x0000023b3f374b70]
Event: 6735.847 Thread 0x0000023b4dec4630 nmethod 26745 0x0000023b45e6b990 code [0x0000023b45e6bbc0, 0x0000023b45e6c7d0]
Event: 6735.848 Thread 0x0000023b4dec4630 26747  s!   4       org.eclipse.jdt.internal.core.index.DiskIndex::readDocumentNumbers (163 bytes)
Event: 6735.851 Thread 0x0000023b4dec4630 nmethod 26747 0x0000023b45e6d190 code [0x0000023b45e6d320, 0x0000023b45e6d528]
Event: 6738.424 Thread 0x0000023b4df34ec0 26748       1       org.eclipse.jdt.core.dom.ASTVisitor::visit (2 bytes)
Event: 6738.425 Thread 0x0000023b4df34ec0 nmethod 26748 0x0000023b45e6d610 code [0x0000023b45e6d7a0, 0x0000023b45e6d868]
Event: 6741.334 Thread 0x0000023b4dec4630 26749   !   4       sun.nio.cs.StreamDecoder::readBytes (271 bytes)
Event: 6741.339 Thread 0x0000023b4df34ec0 26750       1       org.eclipse.jdt.ls.core.internal.handlers.InlayHintVisitor::getInlayHints (5 bytes)
Event: 6741.339 Thread 0x0000023b4df34ec0 nmethod 26750 0x0000023b45e6d910 code [0x0000023b45e6daa0, 0x0000023b45e6db68]
Event: 6741.349 Thread 0x0000023b4dec4630 nmethod 26749 0x0000023b45e6dc10 code [0x0000023b45e6de20, 0x0000023b45e6e438]

GC Heap History (20 events):
Event: 6735.299 GC heap after
{Heap after GC invocations=4390 (full 7):
 PSYoungGen      total 6656K, used 932K [0x00000000eab00000, 0x00000000eb280000, 0x0000000100000000)
  eden space 5632K, 0% used [0x00000000eab00000,0x00000000eab00000,0x00000000eb080000)
  from space 1024K, 91% used [0x00000000eb180000,0x00000000eb269210,0x00000000eb280000)
  to   space 1024K, 0% used [0x00000000eb080000,0x00000000eb080000,0x00000000eb180000)
 ParOldGen       total 691200K, used 690859K [0x00000000c0000000, 0x00000000ea300000, 0x00000000eab00000)
  object space 691200K, 99% used [0x00000000c0000000,0x00000000ea2aacd8,0x00000000ea300000)
 Metaspace       used 106403K, committed 108288K, reserved 1179648K
  class space    used 11056K, committed 11968K, reserved 1048576K
}
Event: 6735.369 GC heap before
{Heap before GC invocations=4391 (full 7):
 PSYoungGen      total 6656K, used 6564K [0x00000000eab00000, 0x00000000eb280000, 0x0000000100000000)
  eden space 5632K, 100% used [0x00000000eab00000,0x00000000eb080000,0x00000000eb080000)
  from space 1024K, 91% used [0x00000000eb180000,0x00000000eb269210,0x00000000eb280000)
  to   space 1024K, 0% used [0x00000000eb080000,0x00000000eb080000,0x00000000eb180000)
 ParOldGen       total 691200K, used 690859K [0x00000000c0000000, 0x00000000ea300000, 0x00000000eab00000)
  object space 691200K, 99% used [0x00000000c0000000,0x00000000ea2aacd8,0x00000000ea300000)
 Metaspace       used 106403K, committed 108288K, reserved 1179648K
  class space    used 11056K, committed 11968K, reserved 1048576K
}
Event: 6735.373 GC heap after
{Heap after GC invocations=4391 (full 7):
 PSYoungGen      total 6656K, used 314K [0x00000000eab00000, 0x00000000eb280000, 0x0000000100000000)
  eden space 5632K, 0% used [0x00000000eab00000,0x00000000eab00000,0x00000000eb080000)
  from space 1024K, 30% used [0x00000000eb080000,0x00000000eb0ce900,0x00000000eb180000)
  to   space 1024K, 0% used [0x00000000eb180000,0x00000000eb180000,0x00000000eb280000)
 ParOldGen       total 691712K, used 691267K [0x00000000c0000000, 0x00000000ea380000, 0x00000000eab00000)
  object space 691712K, 99% used [0x00000000c0000000,0x00000000ea310cf8,0x00000000ea380000)
 Metaspace       used 106403K, committed 108288K, reserved 1179648K
  class space    used 11056K, committed 11968K, reserved 1048576K
}
Event: 6735.397 GC heap before
{Heap before GC invocations=4392 (full 7):
 PSYoungGen      total 6656K, used 5946K [0x00000000eab00000, 0x00000000eb280000, 0x0000000100000000)
  eden space 5632K, 100% used [0x00000000eab00000,0x00000000eb080000,0x00000000eb080000)
  from space 1024K, 30% used [0x00000000eb080000,0x00000000eb0ce900,0x00000000eb180000)
  to   space 1024K, 0% used [0x00000000eb180000,0x00000000eb180000,0x00000000eb280000)
 ParOldGen       total 691712K, used 691267K [0x00000000c0000000, 0x00000000ea380000, 0x00000000eab00000)
  object space 691712K, 99% used [0x00000000c0000000,0x00000000ea310cf8,0x00000000ea380000)
 Metaspace       used 106403K, committed 108288K, reserved 1179648K
  class space    used 11056K, committed 11968K, reserved 1048576K
}
Event: 6735.405 GC heap after
{Heap after GC invocations=4392 (full 7):
 PSYoungGen      total 6144K, used 448K [0x00000000eab00000, 0x00000000eb200000, 0x0000000100000000)
  eden space 5632K, 0% used [0x00000000eab00000,0x00000000eab00000,0x00000000eb080000)
  from space 512K, 87% used [0x00000000eb180000,0x00000000eb1f0000,0x00000000eb200000)
  to   space 512K, 0% used [0x00000000eb100000,0x00000000eb100000,0x00000000eb180000)
 ParOldGen       total 691712K, used 691543K [0x00000000c0000000, 0x00000000ea380000, 0x00000000eab00000)
  object space 691712K, 99% used [0x00000000c0000000,0x00000000ea355ef8,0x00000000ea380000)
 Metaspace       used 106403K, committed 108288K, reserved 1179648K
  class space    used 11056K, committed 11968K, reserved 1048576K
}
Event: 6735.455 GC heap before
{Heap before GC invocations=4393 (full 7):
 PSYoungGen      total 6144K, used 6080K [0x00000000eab00000, 0x00000000eb200000, 0x0000000100000000)
  eden space 5632K, 100% used [0x00000000eab00000,0x00000000eb080000,0x00000000eb080000)
  from space 512K, 87% used [0x00000000eb180000,0x00000000eb1f0000,0x00000000eb200000)
  to   space 512K, 0% used [0x00000000eb100000,0x00000000eb100000,0x00000000eb180000)
 ParOldGen       total 691712K, used 691543K [0x00000000c0000000, 0x00000000ea380000, 0x00000000eab00000)
  object space 691712K, 99% used [0x00000000c0000000,0x00000000ea355ef8,0x00000000ea380000)
 Metaspace       used 106403K, committed 108288K, reserved 1179648K
  class space    used 11056K, committed 11968K, reserved 1048576K
}
Event: 6735.461 GC heap after
{Heap after GC invocations=4393 (full 7):
 PSYoungGen      total 6144K, used 416K [0x00000000eab00000, 0x00000000eb200000, 0x0000000100000000)
  eden space 5632K, 0% used [0x00000000eab00000,0x00000000eab00000,0x00000000eb080000)
  from space 512K, 81% used [0x00000000eb100000,0x00000000eb168000,0x00000000eb180000)
  to   space 512K, 0% used [0x00000000eb180000,0x00000000eb180000,0x00000000eb200000)
 ParOldGen       total 692224K, used 691943K [0x00000000c0000000, 0x00000000ea400000, 0x00000000eab00000)
  object space 692224K, 99% used [0x00000000c0000000,0x00000000ea3b9f18,0x00000000ea400000)
 Metaspace       used 106403K, committed 108288K, reserved 1179648K
  class space    used 11056K, committed 11968K, reserved 1048576K
}
Event: 6735.760 GC heap before
{Heap before GC invocations=4394 (full 7):
 PSYoungGen      total 6144K, used 6048K [0x00000000eab00000, 0x00000000eb200000, 0x0000000100000000)
  eden space 5632K, 100% used [0x00000000eab00000,0x00000000eb080000,0x00000000eb080000)
  from space 512K, 81% used [0x00000000eb100000,0x00000000eb168000,0x00000000eb180000)
  to   space 512K, 0% used [0x00000000eb180000,0x00000000eb180000,0x00000000eb200000)
 ParOldGen       total 692224K, used 691943K [0x00000000c0000000, 0x00000000ea400000, 0x00000000eab00000)
  object space 692224K, 99% used [0x00000000c0000000,0x00000000ea3b9f18,0x00000000ea400000)
 Metaspace       used 106403K, committed 108288K, reserved 1179648K
  class space    used 11056K, committed 11968K, reserved 1048576K
}
Event: 6735.764 GC heap after
{Heap after GC invocations=4394 (full 7):
 PSYoungGen      total 6144K, used 128K [0x00000000eab00000, 0x00000000eb200000, 0x0000000100000000)
  eden space 5632K, 0% used [0x00000000eab00000,0x00000000eab00000,0x00000000eb080000)
  from space 512K, 25% used [0x00000000eb180000,0x00000000eb1a0000,0x00000000eb200000)
  to   space 512K, 0% used [0x00000000eb100000,0x00000000eb100000,0x00000000eb180000)
 ParOldGen       total 692224K, used 692143K [0x00000000c0000000, 0x00000000ea400000, 0x00000000eab00000)
  object space 692224K, 99% used [0x00000000c0000000,0x00000000ea3ebf18,0x00000000ea400000)
 Metaspace       used 106403K, committed 108288K, reserved 1179648K
  class space    used 11056K, committed 11968K, reserved 1048576K
}
Event: 6735.791 GC heap before
{Heap before GC invocations=4395 (full 7):
 PSYoungGen      total 6144K, used 5760K [0x00000000eab00000, 0x00000000eb200000, 0x0000000100000000)
  eden space 5632K, 100% used [0x00000000eab00000,0x00000000eb080000,0x00000000eb080000)
  from space 512K, 25% used [0x00000000eb180000,0x00000000eb1a0000,0x00000000eb200000)
  to   space 512K, 0% used [0x00000000eb100000,0x00000000eb100000,0x00000000eb180000)
 ParOldGen       total 692224K, used 692143K [0x00000000c0000000, 0x00000000ea400000, 0x00000000eab00000)
  object space 692224K, 99% used [0x00000000c0000000,0x00000000ea3ebf18,0x00000000ea400000)
 Metaspace       used 106404K, committed 108288K, reserved 1179648K
  class space    used 11056K, committed 11968K, reserved 1048576K
}
Event: 6735.796 GC heap after
{Heap after GC invocations=4395 (full 7):
 PSYoungGen      total 6144K, used 506K [0x00000000eab00000, 0x00000000eb280000, 0x0000000100000000)
  eden space 5632K, 0% used [0x00000000eab00000,0x00000000eab00000,0x00000000eb080000)
  from space 512K, 98% used [0x00000000eb100000,0x00000000eb17e900,0x00000000eb180000)
  to   space 1024K, 0% used [0x00000000eb180000,0x00000000eb180000,0x00000000eb280000)
 ParOldGen       total 692224K, used 692215K [0x00000000c0000000, 0x00000000ea400000, 0x00000000eab00000)
  object space 692224K, 99% used [0x00000000c0000000,0x00000000ea3fdf38,0x00000000ea400000)
 Metaspace       used 106404K, committed 108288K, reserved 1179648K
  class space    used 11056K, committed 11968K, reserved 1048576K
}
Event: 6735.830 GC heap before
{Heap before GC invocations=4396 (full 7):
 PSYoungGen      total 6144K, used 6138K [0x00000000eab00000, 0x00000000eb280000, 0x0000000100000000)
  eden space 5632K, 100% used [0x00000000eab00000,0x00000000eb080000,0x00000000eb080000)
  from space 512K, 98% used [0x00000000eb100000,0x00000000eb17e900,0x00000000eb180000)
  to   space 1024K, 0% used [0x00000000eb180000,0x00000000eb180000,0x00000000eb280000)
 ParOldGen       total 692224K, used 692215K [0x00000000c0000000, 0x00000000ea400000, 0x00000000eab00000)
  object space 692224K, 99% used [0x00000000c0000000,0x00000000ea3fdf38,0x00000000ea400000)
 Metaspace       used 106418K, committed 108288K, reserved 1179648K
  class space    used 11056K, committed 11968K, reserved 1048576K
}
Event: 6735.845 GC heap after
{Heap after GC invocations=4396 (full 7):
 PSYoungGen      total 3584K, used 1022K [0x00000000eab00000, 0x00000000eb880000, 0x0000000100000000)
  eden space 2560K, 0% used [0x00000000eab00000,0x00000000eab00000,0x00000000ead80000)
  from space 1024K, 99% used [0x00000000eb180000,0x00000000eb27fa50,0x00000000eb280000)
  to   space 4096K, 0% used [0x00000000ead80000,0x00000000ead80000,0x00000000eb180000)
 ParOldGen       total 694784K, used 694380K [0x00000000c0000000, 0x00000000ea680000, 0x00000000eab00000)
  object space 694784K, 99% used [0x00000000c0000000,0x00000000ea61b138,0x00000000ea680000)
 Metaspace       used 106418K, committed 108288K, reserved 1179648K
  class space    used 11056K, committed 11968K, reserved 1048576K
}
Event: 6735.861 GC heap before
{Heap before GC invocations=4397 (full 7):
 PSYoungGen      total 3584K, used 3582K [0x00000000eab00000, 0x00000000eb880000, 0x0000000100000000)
  eden space 2560K, 100% used [0x00000000eab00000,0x00000000ead80000,0x00000000ead80000)
  from space 1024K, 99% used [0x00000000eb180000,0x00000000eb27fa50,0x00000000eb280000)
  to   space 4096K, 0% used [0x00000000ead80000,0x00000000ead80000,0x00000000eb180000)
 ParOldGen       total 694784K, used 694380K [0x00000000c0000000, 0x00000000ea680000, 0x00000000eab00000)
  object space 694784K, 99% used [0x00000000c0000000,0x00000000ea61b138,0x00000000ea680000)
 Metaspace       used 106418K, committed 108288K, reserved 1179648K
  class space    used 11056K, committed 11968K, reserved 1048576K
}
Event: 6735.870 GC heap after
{Heap after GC invocations=4397 (full 7):
 PSYoungGen      total 4096K, used 1312K [0x00000000eab00000, 0x00000000eb200000, 0x0000000100000000)
  eden space 2560K, 0% used [0x00000000eab00000,0x00000000eab00000,0x00000000ead80000)
  from space 1536K, 85% used [0x00000000ead80000,0x00000000eaec8000,0x00000000eaf00000)
  to   space 2048K, 0% used [0x00000000eb000000,0x00000000eb000000,0x00000000eb200000)
 ParOldGen       total 695808K, used 695422K [0x00000000c0000000, 0x00000000ea780000, 0x00000000eab00000)
  object space 695808K, 99% used [0x00000000c0000000,0x00000000ea71fb98,0x00000000ea780000)
 Metaspace       used 106418K, committed 108288K, reserved 1179648K
  class space    used 11056K, committed 11968K, reserved 1048576K
}
Event: 6735.890 GC heap before
{Heap before GC invocations=4398 (full 7):
 PSYoungGen      total 4096K, used 3872K [0x00000000eab00000, 0x00000000eb200000, 0x0000000100000000)
  eden space 2560K, 100% used [0x00000000eab00000,0x00000000ead80000,0x00000000ead80000)
  from space 1536K, 85% used [0x00000000ead80000,0x00000000eaec8000,0x00000000eaf00000)
  to   space 2048K, 0% used [0x00000000eb000000,0x00000000eb000000,0x00000000eb200000)
 ParOldGen       total 695808K, used 695422K [0x00000000c0000000, 0x00000000ea780000, 0x00000000eab00000)
  object space 695808K, 99% used [0x00000000c0000000,0x00000000ea71fb98,0x00000000ea780000)
 Metaspace       used 106418K, committed 108288K, reserved 1179648K
  class space    used 11056K, committed 11968K, reserved 1048576K
}
Event: 6735.900 GC heap after
{Heap after GC invocations=4398 (full 7):
 PSYoungGen      total 3072K, used 2046K [0x00000000eab00000, 0x00000000eb600000, 0x0000000100000000)
  eden space 1024K, 0% used [0x00000000eab00000,0x00000000eab00000,0x00000000eac00000)
  from space 2048K, 99% used [0x00000000eb000000,0x00000000eb1ffa50,0x00000000eb200000)
  to   space 4096K, 0% used [0x00000000eac00000,0x00000000eac00000,0x00000000eb000000)
 ParOldGen       total 696832K, used 696646K [0x00000000c0000000, 0x00000000ea880000, 0x00000000eab00000)
  object space 696832K, 99% used [0x00000000c0000000,0x00000000ea851b98,0x00000000ea880000)
 Metaspace       used 106418K, committed 108288K, reserved 1179648K
  class space    used 11056K, committed 11968K, reserved 1048576K
}
Event: 6735.907 GC heap before
{Heap before GC invocations=4399 (full 7):
 PSYoungGen      total 3072K, used 3070K [0x00000000eab00000, 0x00000000eb600000, 0x0000000100000000)
  eden space 1024K, 100% used [0x00000000eab00000,0x00000000eac00000,0x00000000eac00000)
  from space 2048K, 99% used [0x00000000eb000000,0x00000000eb1ffa50,0x00000000eb200000)
  to   space 4096K, 0% used [0x00000000eac00000,0x00000000eac00000,0x00000000eb000000)
 ParOldGen       total 696832K, used 696646K [0x00000000c0000000, 0x00000000ea880000, 0x00000000eab00000)
  object space 696832K, 99% used [0x00000000c0000000,0x00000000ea851b98,0x00000000ea880000)
 Metaspace       used 106418K, committed 108288K, reserved 1179648K
  class space    used 11056K, committed 11968K, reserved 1048576K
}
Event: 6735.920 GC heap after
{Heap after GC invocations=4399 (full 7):
 PSYoungGen      total 2048K, used 1024K [0x00000000eab00000, 0x00000000eb080000, 0x0000000100000000)
  eden space 1024K, 0% used [0x00000000eab00000,0x00000000eab00000,0x00000000eac00000)
  from space 1024K, 100% used [0x00000000eac00000,0x00000000ead00000,0x00000000ead00000)
  to   space 2048K, 0% used [0x00000000eae80000,0x00000000eae80000,0x00000000eb080000)
 ParOldGen       total 698880K, used 698669K [0x00000000c0000000, 0x00000000eaa80000, 0x00000000eab00000)
  object space 698880K, 99% used [0x00000000c0000000,0x00000000eaa4b5e8,0x00000000eaa80000)
 Metaspace       used 106418K, committed 108288K, reserved 1179648K
  class space    used 11056K, committed 11968K, reserved 1048576K
}
Event: 6741.542 GC heap before
{Heap before GC invocations=4400 (full 8):
 PSYoungGen      total 2048K, used 2047K [0x00000000eab00000, 0x00000000eb080000, 0x0000000100000000)
  eden space 1024K, 99% used [0x00000000eab00000,0x00000000eabffff8,0x00000000eac00000)
  from space 1024K, 100% used [0x00000000eac00000,0x00000000ead00000,0x00000000ead00000)
  to   space 2048K, 0% used [0x00000000eae80000,0x00000000eae80000,0x00000000eb080000)
 ParOldGen       total 698880K, used 698669K [0x00000000c0000000, 0x00000000eaa80000, 0x00000000eab00000)
  object space 698880K, 99% used [0x00000000c0000000,0x00000000eaa4b5e8,0x00000000eaa80000)
 Metaspace       used 106418K, committed 108288K, reserved 1179648K
  class space    used 11056K, committed 11968K, reserved 1048576K
}

Dll operation events (14 events):
Event: 0.047 Loaded shared library c:\Users\Pc\.cursor\extensions\redhat.java-1.41.1-win32-x64\jre\21.0.6-win32-x86_64\bin\java.dll
Event: 0.518 Loaded shared library c:\Users\Pc\.cursor\extensions\redhat.java-1.41.1-win32-x64\jre\21.0.6-win32-x86_64\bin\zip.dll
Event: 0.611 Loaded shared library C:\Users\Pc\.cursor\extensions\redhat.java-1.41.1-win32-x64\jre\21.0.6-win32-x86_64\bin\instrument.dll
Event: 0.635 Loaded shared library C:\Users\Pc\.cursor\extensions\redhat.java-1.41.1-win32-x64\jre\21.0.6-win32-x86_64\bin\net.dll
Event: 0.653 Loaded shared library C:\Users\Pc\.cursor\extensions\redhat.java-1.41.1-win32-x64\jre\21.0.6-win32-x86_64\bin\nio.dll
Event: 0.664 Loaded shared library C:\Users\Pc\.cursor\extensions\redhat.java-1.41.1-win32-x64\jre\21.0.6-win32-x86_64\bin\zip.dll
Event: 0.759 Loaded shared library C:\Users\Pc\.cursor\extensions\redhat.java-1.41.1-win32-x64\jre\21.0.6-win32-x86_64\bin\jimage.dll
Event: 1.262 Loaded shared library c:\Users\Pc\.cursor\extensions\redhat.java-1.41.1-win32-x64\jre\21.0.6-win32-x86_64\bin\verify.dll
Event: 8.918 Loaded shared library C:\Users\Pc\AppData\Roaming\Cursor\User\globalStorage\redhat.java\1.41.1\config_win\org.eclipse.equinox.launcher\org.eclipse.equinox.launcher.win32.win32.x86_64_1.2.1300.v20250331-1702\eclipse_11911.dll
Event: 18.510 Loaded shared library C:\Users\Pc\.cursor\extensions\redhat.java-1.41.1-win32-x64\jre\21.0.6-win32-x86_64\bin\management.dll
Event: 18.525 Loaded shared library C:\Users\Pc\.cursor\extensions\redhat.java-1.41.1-win32-x64\jre\21.0.6-win32-x86_64\bin\management_ext.dll
Event: 31.226 Loaded shared library C:\Users\Pc\AppData\Local\Temp\jna-2579\jna12188584453339031826.dll
Event: 33.446 Loaded shared library C:\Users\Pc\.cursor\extensions\redhat.java-1.41.1-win32-x64\jre\21.0.6-win32-x86_64\bin\sunmscapi.dll
Event: 39.215 Loaded shared library C:\Users\Pc\.cursor\extensions\redhat.java-1.41.1-win32-x64\jre\21.0.6-win32-x86_64\bin\extnet.dll

Deoptimization events (20 events):
Event: 6708.602 Thread 0x0000023b96790a00 Uncommon trap: trap_request=0xffffffcc fr.pc=0x0000023b45e4191c relative=0x00000000000008dc
Event: 6708.602 Thread 0x0000023b96790a00 Uncommon trap: reason=intrinsic_or_type_checked_inlining action=make_not_entrant pc=0x0000023b45e4191c method=org.eclipse.jdt.internal.compiler.parser.Parser.consumeMethodHeaderName(Z)V @ 221 c2
Event: 6708.602 Thread 0x0000023b96790a00 DEOPT PACKING pc=0x0000023b45e4191c sp=0x0000004e573fdd40
Event: 6708.602 Thread 0x0000023b96790a00 DEOPT UNPACKING pc=0x0000023b44303aa2 sp=0x0000004e573fdcd0 mode 2
Event: 6708.913 Thread 0x0000023b97e17710 Uncommon trap: trap_request=0xffffff45 fr.pc=0x0000023b45e48fe0 relative=0x0000000000000760
Event: 6708.913 Thread 0x0000023b97e17710 Uncommon trap: reason=unstable_if action=reinterpret pc=0x0000023b45e48fe0 method=org.eclipse.jdt.core.dom.ASTConverter.convert(Lorg/eclipse/jdt/internal/compiler/ast/Expression;)Lorg/eclipse/jdt/core/dom/Expression; @ 509 c2
Event: 6708.913 Thread 0x0000023b97e17710 DEOPT PACKING pc=0x0000023b45e48fe0 sp=0x0000004e54afe130
Event: 6708.913 Thread 0x0000023b97e17710 DEOPT UNPACKING pc=0x0000023b44303aa2 sp=0x0000004e54afe160 mode 2
Event: 6726.416 Thread 0x0000023b97e18ac0 Uncommon trap: trap_request=0xffffff45 fr.pc=0x0000023b452e1a34 relative=0x0000000000001f54
Event: 6726.416 Thread 0x0000023b97e18ac0 Uncommon trap: reason=unstable_if action=reinterpret pc=0x0000023b452e1a34 method=org.eclipse.jdt.internal.core.search.JavaSearchScope.getAccessRuleSet(Ljava/lang/String;Ljava/lang/String;)Lorg/eclipse/jdt/internal/compiler/env/AccessRuleSet; @ 12 c2
Event: 6726.416 Thread 0x0000023b97e18ac0 DEOPT PACKING pc=0x0000023b452e1a34 sp=0x0000004e566fefe0
Event: 6726.416 Thread 0x0000023b97e18ac0 DEOPT UNPACKING pc=0x0000023b44303aa2 sp=0x0000004e566fef10 mode 2
Event: 6735.754 Thread 0x0000023b97e17710 Uncommon trap: trap_request=0xffffffde fr.pc=0x0000023b45e5afec relative=0x0000000000002f0c
Event: 6735.754 Thread 0x0000023b97e17710 Uncommon trap: reason=class_check action=maybe_recompile pc=0x0000023b45e5afec method=org.eclipse.jdt.internal.core.search.BasicSearchEngine$5.acceptIndexMatch(Ljava/lang/String;Lorg/eclipse/jdt/core/search/SearchPattern;Lorg/eclipse/jdt/core/search/Searc
Event: 6735.754 Thread 0x0000023b97e17710 DEOPT PACKING pc=0x0000023b45e5afec sp=0x0000004e54afe520
Event: 6735.754 Thread 0x0000023b97e17710 DEOPT UNPACKING pc=0x0000023b44303aa2 sp=0x0000004e54afe4c8 mode 2
Event: 6735.925 Thread 0x0000023b97e17710 Uncommon trap: trap_request=0xffffffde fr.pc=0x0000023b45e5afec relative=0x0000000000002f0c
Event: 6735.925 Thread 0x0000023b97e17710 Uncommon trap: reason=class_check action=maybe_recompile pc=0x0000023b45e5afec method=org.eclipse.jdt.internal.core.search.BasicSearchEngine$5.acceptIndexMatch(Ljava/lang/String;Lorg/eclipse/jdt/core/search/SearchPattern;Lorg/eclipse/jdt/core/search/Searc
Event: 6735.925 Thread 0x0000023b97e17710 DEOPT PACKING pc=0x0000023b45e5afec sp=0x0000004e54afe5c0
Event: 6735.925 Thread 0x0000023b97e17710 DEOPT UNPACKING pc=0x0000023b44303aa2 sp=0x0000004e54afe568 mode 2

Classes loaded (20 events):
Event: 6608.086 Loading class java/util/stream/DoubleStream
Event: 6608.087 Loading class java/util/stream/DoubleStream done
Event: 6608.088 Loading class java/util/function/DoubleBinaryOperator
Event: 6608.088 Loading class java/util/function/DoubleBinaryOperator done
Event: 6608.088 Loading class java/util/function/IntToDoubleFunction
Event: 6608.088 Loading class java/util/function/IntToDoubleFunction done
Event: 6608.088 Loading class java/util/function/IntToLongFunction
Event: 6608.088 Loading class java/util/function/IntToLongFunction done
Event: 6613.452 Loading class java/nio/channels/CompletionHandler
Event: 6613.453 Loading class java/nio/channels/CompletionHandler done
Event: 6636.800 Loading class java/util/concurrent/ConcurrentLinkedQueue$Itr
Event: 6636.800 Loading class java/util/concurrent/ConcurrentLinkedQueue$Itr done
Event: 6645.498 Loading class java/text/AttributedCharacterIterator
Event: 6645.498 Loading class java/text/CharacterIterator
Event: 6645.498 Loading class java/text/CharacterIterator done
Event: 6645.499 Loading class java/text/AttributedCharacterIterator done
Event: 6649.135 Loading class java/lang/StackStreamFactory$CallerClassFinder
Event: 6649.136 Loading class java/lang/StackStreamFactory$CallerClassFinder done
Event: 6649.136 Loading class java/lang/StackStreamFactory$CallerClassFinder$ClassBuffer
Event: 6649.136 Loading class java/lang/StackStreamFactory$CallerClassFinder$ClassBuffer done

Classes unloaded (20 events):
Event: 3837.872 Thread 0x0000023b39c4c230 Unloading class 0x0000023b4f00c800 'java/lang/invoke/LambdaForm$BMH+0x0000023b4f00c800'
Event: 3837.872 Thread 0x0000023b39c4c230 Unloading class 0x0000023b4f00c000 'java/lang/invoke/LambdaForm$DMH+0x0000023b4f00c000'
Event: 3837.872 Thread 0x0000023b39c4c230 Unloading class 0x0000023b4f008400 'java/lang/invoke/LambdaForm$MH+0x0000023b4f008400'
Event: 3837.872 Thread 0x0000023b39c4c230 Unloading class 0x0000023b4f008000 'java/lang/invoke/LambdaForm$MH+0x0000023b4f008000'
Event: 3837.872 Thread 0x0000023b39c4c230 Unloading class 0x0000023b4f007c00 'java/lang/invoke/LambdaForm$MH+0x0000023b4f007c00'
Event: 3837.872 Thread 0x0000023b39c4c230 Unloading class 0x0000023b4f006800 'java/lang/invoke/LambdaForm$MH+0x0000023b4f006800'
Event: 3837.872 Thread 0x0000023b39c4c230 Unloading class 0x0000023b4f006000 'java/lang/invoke/LambdaForm$MH+0x0000023b4f006000'
Event: 3837.872 Thread 0x0000023b39c4c230 Unloading class 0x0000023b4f005c00 'java/lang/invoke/LambdaForm$MH+0x0000023b4f005c00'
Event: 3837.872 Thread 0x0000023b39c4c230 Unloading class 0x0000023b4f005800 'java/lang/invoke/LambdaForm$MH+0x0000023b4f005800'
Event: 3837.872 Thread 0x0000023b39c4c230 Unloading class 0x0000023b4f005400 'java/lang/invoke/LambdaForm$BMH+0x0000023b4f005400'
Event: 3837.872 Thread 0x0000023b39c4c230 Unloading class 0x0000023b4f004000 'java/lang/invoke/LambdaForm$DMH+0x0000023b4f004000'
Event: 3837.872 Thread 0x0000023b39c4c230 Unloading class 0x0000023b4f002400 'java/lang/invoke/LambdaForm$MH+0x0000023b4f002400'
Event: 3837.872 Thread 0x0000023b39c4c230 Unloading class 0x0000023b4f002000 'java/lang/invoke/LambdaForm$MH+0x0000023b4f002000'
Event: 3837.872 Thread 0x0000023b39c4c230 Unloading class 0x0000023b4f001800 'java/lang/invoke/LambdaForm$MH+0x0000023b4f001800'
Event: 4190.367 Thread 0x0000023b39c4c230 Unloading class 0x0000023b4f769c00 'java/lang/invoke/LambdaForm$DMH+0x0000023b4f769c00'
Event: 4190.367 Thread 0x0000023b39c4c230 Unloading class 0x0000023b4f769800 'java/lang/invoke/LambdaForm$DMH+0x0000023b4f769800'
Event: 4190.367 Thread 0x0000023b39c4c230 Unloading class 0x0000023b4f769400 'java/lang/invoke/LambdaForm$DMH+0x0000023b4f769400'
Event: 4190.367 Thread 0x0000023b39c4c230 Unloading class 0x0000023b4f769000 'java/lang/invoke/LambdaForm$DMH+0x0000023b4f769000'
Event: 4190.367 Thread 0x0000023b39c4c230 Unloading class 0x0000023b4f768c00 'java/lang/invoke/LambdaForm$DMH+0x0000023b4f768c00'
Event: 4190.367 Thread 0x0000023b39c4c230 Unloading class 0x0000023b4f768800 'java/lang/invoke/LambdaForm$DMH+0x0000023b4f768800'

Classes redefined (0 events):
No events

Internal exceptions (20 events):
Event: 6656.802 Thread 0x0000023b97e16360 Exception <a 'sun/nio/fs/WindowsException'{0x00000000eae85100}> (0x00000000eae85100) 
thrown [s\src\hotspot\share\prims\jni.cpp, line 520]
Event: 6656.802 Thread 0x0000023b97e16360 Exception <a 'sun/nio/fs/WindowsException'{0x00000000eae85878}> (0x00000000eae85878) 
thrown [s\src\hotspot\share\prims\jni.cpp, line 520]
Event: 6656.825 Thread 0x0000023b97e16360 Exception <a 'sun/nio/fs/WindowsException'{0x00000000eb1c46a8}> (0x00000000eb1c46a8) 
thrown [s\src\hotspot\share\prims\jni.cpp, line 520]
Event: 6656.826 Thread 0x0000023b97e16360 Exception <a 'sun/nio/fs/WindowsException'{0x00000000eb1c50e0}> (0x00000000eb1c50e0) 
thrown [s\src\hotspot\share\prims\jni.cpp, line 520]
Event: 6658.013 Thread 0x0000023b97e18ac0 Exception <a 'sun/nio/fs/WindowsException'{0x00000000eb1acef8}> (0x00000000eb1acef8) 
thrown [s\src\hotspot\share\prims\jni.cpp, line 520]
Event: 6658.014 Thread 0x0000023b97e18ac0 Exception <a 'sun/nio/fs/WindowsException'{0x00000000eb1ad6e0}> (0x00000000eb1ad6e0) 
thrown [s\src\hotspot\share\prims\jni.cpp, line 520]
Event: 6658.073 Thread 0x0000023b97e18ac0 Exception <a 'sun/nio/fs/WindowsException'{0x00000000eae2c1d8}> (0x00000000eae2c1d8) 
thrown [s\src\hotspot\share\prims\jni.cpp, line 520]
Event: 6658.073 Thread 0x0000023b97e18ac0 Exception <a 'sun/nio/fs/WindowsException'{0x00000000eae2c9c0}> (0x00000000eae2c9c0) 
thrown [s\src\hotspot\share\prims\jni.cpp, line 520]
Event: 6658.240 Thread 0x0000023b97e18ac0 Exception <a 'sun/nio/fs/WindowsException'{0x00000000eb0f60d8}> (0x00000000eb0f60d8) 
thrown [s\src\hotspot\share\prims\jni.cpp, line 520]
Event: 6658.240 Thread 0x0000023b97e18ac0 Exception <a 'sun/nio/fs/WindowsException'{0x00000000eb0f68c0}> (0x00000000eb0f68c0) 
thrown [s\src\hotspot\share\prims\jni.cpp, line 520]
Event: 6658.271 Thread 0x0000023b97e18ac0 Exception <a 'sun/nio/fs/WindowsException'{0x00000000eac92368}> (0x00000000eac92368) 
thrown [s\src\hotspot\share\prims\jni.cpp, line 520]
Event: 6658.271 Thread 0x0000023b97e18ac0 Exception <a 'sun/nio/fs/WindowsException'{0x00000000eac92b50}> (0x00000000eac92b50) 
thrown [s\src\hotspot\share\prims\jni.cpp, line 520]
Event: 6658.365 Thread 0x0000023b97e18ac0 Exception <a 'sun/nio/fs/WindowsException'{0x00000000eacf8e00}> (0x00000000eacf8e00) 
thrown [s\src\hotspot\share\prims\jni.cpp, line 520]
Event: 6658.365 Thread 0x0000023b97e18ac0 Exception <a 'sun/nio/fs/WindowsException'{0x00000000eacf95e8}> (0x00000000eacf95e8) 
thrown [s\src\hotspot\share\prims\jni.cpp, line 520]
Event: 6658.387 Thread 0x0000023b97e18ac0 Exception <a 'sun/nio/fs/WindowsException'{0x00000000eb119118}> (0x00000000eb119118) 
thrown [s\src\hotspot\share\prims\jni.cpp, line 520]
Event: 6658.388 Thread 0x0000023b97e18ac0 Exception <a 'sun/nio/fs/WindowsException'{0x00000000eb119900}> (0x00000000eb119900) 
thrown [s\src\hotspot\share\prims\jni.cpp, line 520]
Event: 6658.417 Thread 0x0000023b97e18ac0 Exception <a 'sun/nio/fs/WindowsException'{0x00000000ead4c9a0}> (0x00000000ead4c9a0) 
thrown [s\src\hotspot\share\prims\jni.cpp, line 520]
Event: 6658.417 Thread 0x0000023b97e18ac0 Exception <a 'sun/nio/fs/WindowsException'{0x00000000ead4d188}> (0x00000000ead4d188) 
thrown [s\src\hotspot\share\prims\jni.cpp, line 520]
Event: 6658.527 Thread 0x0000023b97e18ac0 Exception <a 'sun/nio/fs/WindowsException'{0x00000000eb15c430}> (0x00000000eb15c430) 
thrown [s\src\hotspot\share\prims\jni.cpp, line 520]
Event: 6658.527 Thread 0x0000023b97e18ac0 Exception <a 'sun/nio/fs/WindowsException'{0x00000000eb15cc18}> (0x00000000eb15cc18) 
thrown [s\src\hotspot\share\prims\jni.cpp, line 520]

ZGC Phase Switch (0 events):
No events

VM Operations (20 events):
Event: 6735.299 Executing VM operation: ParallelGCFailedAllocation (Allocation Failure) done
Event: 6735.368 Executing VM operation: ParallelGCFailedAllocation (Allocation Failure)
Event: 6735.373 Executing VM operation: ParallelGCFailedAllocation (Allocation Failure) done
Event: 6735.397 Executing VM operation: ParallelGCFailedAllocation (Allocation Failure)
Event: 6735.405 Executing VM operation: ParallelGCFailedAllocation (Allocation Failure) done
Event: 6735.455 Executing VM operation: ParallelGCFailedAllocation (Allocation Failure)
Event: 6735.462 Executing VM operation: ParallelGCFailedAllocation (Allocation Failure) done
Event: 6735.760 Executing VM operation: ParallelGCFailedAllocation (Allocation Failure)
Event: 6735.764 Executing VM operation: ParallelGCFailedAllocation (Allocation Failure) done
Event: 6735.791 Executing VM operation: ParallelGCFailedAllocation (Allocation Failure)
Event: 6735.796 Executing VM operation: ParallelGCFailedAllocation (Allocation Failure) done
Event: 6735.830 Executing VM operation: ParallelGCFailedAllocation (Allocation Failure)
Event: 6735.845 Executing VM operation: ParallelGCFailedAllocation (Allocation Failure) done
Event: 6735.861 Executing VM operation: ParallelGCFailedAllocation (Allocation Failure)
Event: 6735.870 Executing VM operation: ParallelGCFailedAllocation (Allocation Failure) done
Event: 6735.890 Executing VM operation: ParallelGCFailedAllocation (Allocation Failure)
Event: 6735.900 Executing VM operation: ParallelGCFailedAllocation (Allocation Failure) done
Event: 6735.907 Executing VM operation: ParallelGCFailedAllocation (Allocation Failure)
Event: 6735.920 Executing VM operation: ParallelGCFailedAllocation (Allocation Failure) done
Event: 6741.542 Executing VM operation: ParallelGCFailedAllocation (Allocation Failure)

Memory protections (0 events):
No events

Nmethod flushes (20 events):
Event: 4450.131 Thread 0x0000023b39c4c230 flushing  nmethod 0x0000023b3fa30210
Event: 4450.131 Thread 0x0000023b39c4c230 flushing  nmethod 0x0000023b3fa51590
Event: 4450.131 Thread 0x0000023b39c4c230 flushing  nmethod 0x0000023b3fa57690
Event: 4450.131 Thread 0x0000023b39c4c230 flushing  nmethod 0x0000023b3fa59190
Event: 4450.131 Thread 0x0000023b39c4c230 flushing  nmethod 0x0000023b3fa5ab10
Event: 4450.131 Thread 0x0000023b39c4c230 flushing osr nmethod 0x0000023b3fa5d190
Event: 4450.131 Thread 0x0000023b39c4c230 flushing  nmethod 0x0000023b3fa62090
Event: 4450.131 Thread 0x0000023b39c4c230 flushing  nmethod 0x0000023b3fa63690
Event: 4450.131 Thread 0x0000023b39c4c230 flushing  nmethod 0x0000023b3fa68e90
Event: 4450.131 Thread 0x0000023b39c4c230 flushing  nmethod 0x0000023b3fa69a90
Event: 4450.131 Thread 0x0000023b39c4c230 flushing  nmethod 0x0000023b3fa6ed90
Event: 4450.131 Thread 0x0000023b39c4c230 flushing  nmethod 0x0000023b3fa9d010
Event: 4450.131 Thread 0x0000023b39c4c230 flushing  nmethod 0x0000023b3fa9e190
Event: 4450.131 Thread 0x0000023b39c4c230 flushing  nmethod 0x0000023b3faa1410
Event: 4450.131 Thread 0x0000023b39c4c230 flushing  nmethod 0x0000023b3fac6910
Event: 4450.131 Thread 0x0000023b39c4c230 flushing osr nmethod 0x0000023b3fad0f90
Event: 4450.131 Thread 0x0000023b39c4c230 flushing  nmethod 0x0000023b3fae0790
Event: 4450.131 Thread 0x0000023b39c4c230 flushing  nmethod 0x0000023b3fae2910
Event: 4450.131 Thread 0x0000023b39c4c230 flushing  nmethod 0x0000023b3fae3390
Event: 4450.131 Thread 0x0000023b39c4c230 flushing  nmethod 0x0000023b3fae6a10

Events (20 events):
Event: 6636.633 Thread 0x0000023b95a596c0 Thread added: 0x0000023b95a55520
Event: 6636.646 Thread 0x0000023b95a596c0 Thread added: 0x0000023b95a589a0
Event: 6637.292 Thread 0x0000023b95a596c0 Thread exited: 0x0000023b95a596c0
Event: 6637.296 Thread 0x0000023b95a589a0 Thread exited: 0x0000023b95a589a0
Event: 6637.298 Thread 0x0000023b95a55520 Thread exited: 0x0000023b95a55520
Event: 6641.136 Thread 0x0000023b96790370 Thread added: 0x0000023b95a59030
Event: 6641.256 Thread 0x0000023b95a59030 Thread added: 0x0000023b95a54800
Event: 6641.299 Thread 0x0000023b95a59030 Thread added: 0x0000023b95a589a0
Event: 6643.236 Thread 0x0000023b94dc2180 Thread exited: 0x0000023b94dc2180
Event: 6643.672 Thread 0x0000023b94dc3530 Thread exited: 0x0000023b94dc3530
Event: 6645.428 Thread 0x0000023b4df34ec0 Thread added: 0x0000023b95975cd0
Event: 6647.052 Thread 0x0000023b95975cd0 Thread exited: 0x0000023b95975cd0
Event: 6649.154 Thread 0x0000023b4df34ec0 Thread added: 0x0000023b95974f30
Event: 6649.599 Thread 0x0000023b95974f30 Thread exited: 0x0000023b95974f30
Event: 6658.448 Thread 0x0000023b97e18ac0 Thread added: 0x0000023b95a55520
Event: 6658.452 Thread 0x0000023b95a55520 Thread exited: 0x0000023b95a55520
Event: 6663.786 Thread 0x0000023b95a575f0 Thread exited: 0x0000023b95a575f0
Event: 6664.089 Thread 0x0000023b95a58310 Thread exited: 0x0000023b95a58310
Event: 6701.320 Thread 0x0000023b95a54800 Thread exited: 0x0000023b95a54800
Event: 6701.559 Thread 0x0000023b95a589a0 Thread exited: 0x0000023b95a589a0


Dynamic libraries:
0x00007ff76e1f0000 - 0x00007ff76e1fe000 	c:\Users\Pc\.cursor\extensions\redhat.java-1.41.1-win32-x64\jre\21.0.6-win32-x86_64\bin\java.exe
0x00007ffdf58b0000 - 0x00007ffdf5aa8000 	C:\Windows\SYSTEM32\ntdll.dll
0x00007ffdf3f90000 - 0x00007ffdf4052000 	C:\Windows\System32\KERNEL32.DLL
0x00007ffdf3220000 - 0x00007ffdf3516000 	C:\Windows\System32\KERNELBASE.dll
0x00007ffdef610000 - 0x00007ffdef6a4000 	C:\Windows\SYSTEM32\apphelp.dll
0x00007ffdf3520000 - 0x00007ffdf3620000 	C:\Windows\System32\ucrtbase.dll
0x00007ffddf910000 - 0x00007ffddf928000 	c:\Users\Pc\.cursor\extensions\redhat.java-1.41.1-win32-x64\jre\21.0.6-win32-x86_64\bin\jli.dll
0x00007ffdf4220000 - 0x00007ffdf43bd000 	C:\Windows\System32\USER32.dll
0x00007ffdf2f40000 - 0x00007ffdf2f62000 	C:\Windows\System32\win32u.dll
0x00007ffdf56a0000 - 0x00007ffdf56cb000 	C:\Windows\System32\GDI32.dll
0x00007ffdf3100000 - 0x00007ffdf321a000 	C:\Windows\System32\gdi32full.dll
0x00007ffdf3780000 - 0x00007ffdf381d000 	C:\Windows\System32\msvcp_win.dll
0x00007ffddf8f0000 - 0x00007ffddf90e000 	c:\Users\Pc\.cursor\extensions\redhat.java-1.41.1-win32-x64\jre\21.0.6-win32-x86_64\bin\VCRUNTIME140.dll
0x00007ffde35a0000 - 0x00007ffde383a000 	C:\Windows\WinSxS\amd64_microsoft.windows.common-controls_6595b64144ccf1df_6.0.19041.4355_none_60b8b9eb71f62e16\COMCTL32.dll
0x00007ffdf4120000 - 0x00007ffdf41be000 	C:\Windows\System32\msvcrt.dll
0x00007ffdf3940000 - 0x00007ffdf396f000 	C:\Windows\System32\IMM32.DLL
0x00007ffded7e0000 - 0x00007ffded7ec000 	c:\Users\Pc\.cursor\extensions\redhat.java-1.41.1-win32-x64\jre\21.0.6-win32-x86_64\bin\vcruntime140_1.dll
0x00007ffdce080000 - 0x00007ffdce10d000 	c:\Users\Pc\.cursor\extensions\redhat.java-1.41.1-win32-x64\jre\21.0.6-win32-x86_64\bin\msvcp140.dll
0x00007ffda10c0000 - 0x00007ffda1e50000 	c:\Users\Pc\.cursor\extensions\redhat.java-1.41.1-win32-x64\jre\21.0.6-win32-x86_64\bin\server\jvm.dll
0x00007ffdf3970000 - 0x00007ffdf3a1f000 	C:\Windows\System32\ADVAPI32.dll
0x00007ffdf4b30000 - 0x00007ffdf4bcf000 	C:\Windows\System32\sechost.dll
0x00007ffdf5570000 - 0x00007ffdf5693000 	C:\Windows\System32\RPCRT4.dll
0x00007ffdf3000000 - 0x00007ffdf3027000 	C:\Windows\System32\bcrypt.dll
0x00007ffdf38d0000 - 0x00007ffdf393b000 	C:\Windows\System32\WS2_32.dll
0x00007ffdf2cc0000 - 0x00007ffdf2d0b000 	C:\Windows\SYSTEM32\POWRPROF.dll
0x00007ffde9cb0000 - 0x00007ffde9cd7000 	C:\Windows\SYSTEM32\WINMM.dll
0x00007ffde9ca0000 - 0x00007ffde9caa000 	C:\Windows\SYSTEM32\VERSION.dll
0x00007ffdf2c60000 - 0x00007ffdf2c72000 	C:\Windows\SYSTEM32\UMPDC.dll
0x00007ffdf0ce0000 - 0x00007ffdf0cf2000 	C:\Windows\SYSTEM32\kernel.appcore.dll
0x00007ffdec0b0000 - 0x00007ffdec0ba000 	c:\Users\Pc\.cursor\extensions\redhat.java-1.41.1-win32-x64\jre\21.0.6-win32-x86_64\bin\jimage.dll
0x00007ffde7ca0000 - 0x00007ffde7e84000 	C:\Windows\SYSTEM32\DBGHELP.DLL
0x00007ffde7c30000 - 0x00007ffde7c64000 	C:\Windows\SYSTEM32\dbgcore.DLL
0x00007ffdf2f70000 - 0x00007ffdf2ff2000 	C:\Windows\System32\bcryptPrimitives.dll
0x00007ffdeb550000 - 0x00007ffdeb55f000 	c:\Users\Pc\.cursor\extensions\redhat.java-1.41.1-win32-x64\jre\21.0.6-win32-x86_64\bin\instrument.dll
0x00007ffdd7c30000 - 0x00007ffdd7c4f000 	c:\Users\Pc\.cursor\extensions\redhat.java-1.41.1-win32-x64\jre\21.0.6-win32-x86_64\bin\java.dll
0x00007ffdf43c0000 - 0x00007ffdf4b2f000 	C:\Windows\System32\SHELL32.dll
0x00007ffdf0fc0000 - 0x00007ffdf1763000 	C:\Windows\SYSTEM32\windows.storage.dll
0x00007ffdf5210000 - 0x00007ffdf5565000 	C:\Windows\System32\combase.dll
0x00007ffdf2900000 - 0x00007ffdf292b000 	C:\Windows\SYSTEM32\Wldp.dll
0x00007ffdf5780000 - 0x00007ffdf584d000 	C:\Windows\System32\OLEAUT32.dll
0x00007ffdf4070000 - 0x00007ffdf411d000 	C:\Windows\System32\SHCORE.dll
0x00007ffdf4e20000 - 0x00007ffdf4e75000 	C:\Windows\System32\shlwapi.dll
0x00007ffdf2e70000 - 0x00007ffdf2e95000 	C:\Windows\SYSTEM32\profapi.dll
0x00007ffdd4f30000 - 0x00007ffdd4f48000 	c:\Users\Pc\.cursor\extensions\redhat.java-1.41.1-win32-x64\jre\21.0.6-win32-x86_64\bin\zip.dll
0x00007ffde2be0000 - 0x00007ffde2bf0000 	C:\Users\Pc\.cursor\extensions\redhat.java-1.41.1-win32-x64\jre\21.0.6-win32-x86_64\bin\net.dll
0x00007ffdec1d0000 - 0x00007ffdec2da000 	C:\Windows\SYSTEM32\WINHTTP.dll
0x00007ffdf2600000 - 0x00007ffdf266c000 	C:\Windows\system32\mswsock.dll
0x00007ffdd4a00000 - 0x00007ffdd4a16000 	C:\Users\Pc\.cursor\extensions\redhat.java-1.41.1-win32-x64\jre\21.0.6-win32-x86_64\bin\nio.dll
0x00007ffddf850000 - 0x00007ffddf860000 	c:\Users\Pc\.cursor\extensions\redhat.java-1.41.1-win32-x64\jre\21.0.6-win32-x86_64\bin\verify.dll
0x00007ffdcec30000 - 0x00007ffdcec75000 	C:\Users\Pc\AppData\Roaming\Cursor\User\globalStorage\redhat.java\1.41.1\config_win\org.eclipse.equinox.launcher\org.eclipse.equinox.launcher.win32.win32.x86_64_1.2.1300.v20250331-1702\eclipse_11911.dll
0x00007ffdf4cf0000 - 0x00007ffdf4e1b000 	C:\Windows\System32\ole32.dll
0x00007ffddf820000 - 0x00007ffddf82a000 	C:\Users\Pc\.cursor\extensions\redhat.java-1.41.1-win32-x64\jre\21.0.6-win32-x86_64\bin\management.dll
0x00007ffddf690000 - 0x00007ffddf69b000 	C:\Users\Pc\.cursor\extensions\redhat.java-1.41.1-win32-x64\jre\21.0.6-win32-x86_64\bin\management_ext.dll
0x00007ffdf4ff0000 - 0x00007ffdf4ff8000 	C:\Windows\System32\PSAPI.DLL
0x00007ffdf2800000 - 0x00007ffdf2818000 	C:\Windows\SYSTEM32\CRYPTSP.dll
0x00007ffdf1f20000 - 0x00007ffdf1f58000 	C:\Windows\system32\rsaenh.dll
0x00007ffdf2df0000 - 0x00007ffdf2e1e000 	C:\Windows\SYSTEM32\USERENV.dll
0x00007ffdf27f0000 - 0x00007ffdf27fc000 	C:\Windows\SYSTEM32\CRYPTBASE.dll
0x00007ffdf22e0000 - 0x00007ffdf231b000 	C:\Windows\SYSTEM32\IPHLPAPI.DLL
0x00007ffdf4060000 - 0x00007ffdf4068000 	C:\Windows\System32\NSI.dll
0x00007ffdcb1c0000 - 0x00007ffdcb209000 	C:\Users\Pc\AppData\Local\Temp\jna-2579\jna12188584453339031826.dll
0x00007ffdebfc0000 - 0x00007ffdebfd7000 	C:\Windows\SYSTEM32\dhcpcsvc6.DLL
0x00007ffdec4c0000 - 0x00007ffdec4dd000 	C:\Windows\SYSTEM32\dhcpcsvc.DLL
0x00007ffdef790000 - 0x00007ffdef79e000 	C:\Users\Pc\.cursor\extensions\redhat.java-1.41.1-win32-x64\jre\21.0.6-win32-x86_64\bin\sunmscapi.dll
0x00007ffdf3620000 - 0x00007ffdf377d000 	C:\Windows\System32\CRYPT32.dll
0x00007ffdf2970000 - 0x00007ffdf2997000 	C:\Windows\SYSTEM32\ncrypt.dll
0x00007ffdf2930000 - 0x00007ffdf296b000 	C:\Windows\SYSTEM32\NTASN1.dll
0x00007ffdf2320000 - 0x00007ffdf23ea000 	C:\Windows\SYSTEM32\DNSAPI.dll
0x00007ffde5250000 - 0x00007ffde525a000 	C:\Windows\System32\rasadhlp.dll
0x00007ffde5470000 - 0x00007ffde54f0000 	C:\Windows\System32\fwpuclnt.dll
0x00007ffded760000 - 0x00007ffded769000 	C:\Users\Pc\.cursor\extensions\redhat.java-1.41.1-win32-x64\jre\21.0.6-win32-x86_64\bin\extnet.dll
0x00007ffde1800000 - 0x00007ffde1807000 	C:\Windows\system32\wshunix.dll
0x00007ffdf2170000 - 0x00007ffdf21a3000 	C:\Windows\SYSTEM32\ntmarta.dll

dbghelp: loaded successfully - version: 4.0.5 - missing functions: none
symbol engine: initialized successfully - sym options: 0x614 - pdb path: .;c:\Users\Pc\.cursor\extensions\redhat.java-1.41.1-win32-x64\jre\21.0.6-win32-x86_64\bin;C:\Windows\SYSTEM32;C:\Windows\WinSxS\amd64_microsoft.windows.common-controls_6595b64144ccf1df_6.0.19041.4355_none_60b8b9eb71f62e16;c:\Users\Pc\.cursor\extensions\redhat.java-1.41.1-win32-x64\jre\21.0.6-win32-x86_64\bin\server;C:\Users\Pc\AppData\Roaming\Cursor\User\globalStorage\redhat.java\1.41.1\config_win\org.eclipse.equinox.launcher\org.eclipse.equinox.launcher.win32.win32.x86_64_1.2.1300.v20250331-1702;C:\Users\Pc\AppData\Local\Temp\jna-2579

VM Arguments:
jvm_args: --add-modules=ALL-SYSTEM --add-opens=java.base/java.util=ALL-UNNAMED --add-opens=java.base/java.lang=ALL-UNNAMED --add-opens=java.base/sun.nio.fs=ALL-UNNAMED -Declipse.application=org.eclipse.jdt.ls.core.id1 -Dosgi.bundles.defaultStartLevel=4 -Declipse.product=org.eclipse.jdt.ls.core.product -Djava.import.generatesMetadataFilesAtProjectRoot=false -DDetectVMInstallationsJob.disabled=true -Dfile.encoding=utf8 -XX:+UseParallelGC -XX:GCTimeRatio=4 -XX:AdaptiveSizePolicyWeight=90 -Dsun.zip.disableMemoryMapping=true -Xmx1G -Xms100m -Xlog:disable -javaagent:c:\Users\Pc\.cursor\extensions\redhat.java-1.41.1-win32-x64\lombok\lombok-1.18.36.jar -XX:+HeapDumpOnOutOfMemoryError -XX:HeapDumpPath=c:\Users\Pc\AppData\Roaming\Cursor\User\workspaceStorage\f21ed30995867a55e8ab550b8be13227\redhat.java -Daether.dependencyCollector.impl=bf 
java_command: c:\Users\Pc\.cursor\extensions\redhat.java-1.41.1-win32-x64\server\plugins\org.eclipse.equinox.launcher_1.7.0.v20250331-1702.jar -configuration c:\Users\Pc\AppData\Roaming\Cursor\User\globalStorage\redhat.java\1.41.1\config_win -data c:\Users\Pc\AppData\Roaming\Cursor\User\workspaceStorage\f21ed30995867a55e8ab550b8be13227\redhat.java\jdt_ws --pipe=\\.\pipe\lsp-934b55ed19a807e0f6cf8b58c2e01bbe-sock
java_class_path (initial): c:\Users\Pc\.cursor\extensions\redhat.java-1.41.1-win32-x64\server\plugins\org.eclipse.equinox.launcher_1.7.0.v20250331-1702.jar
Launcher Type: SUN_STANDARD

[Global flags]
    uintx AdaptiveSizePolicyWeight                 = 90                                        {product} {command line}
     intx CICompilerCount                          = 3                                         {product} {ergonomic}
    uintx GCTimeRatio                              = 4                                         {product} {command line}
     bool HeapDumpOnOutOfMemoryError               = true                                   {manageable} {command line}
    ccstr HeapDumpPath                             = c:\Users\Pc\AppData\Roaming\Cursor\User\workspaceStorage\f21ed30995867a55e8ab550b8be13227\redhat.java         {manageable} {command line}
   size_t InitialHeapSize                          = 104857600                                 {product} {command line}
   size_t MaxHeapSize                              = 1073741824                                {product} {command line}
   size_t MaxNewSize                               = 357564416                                 {product} {ergonomic}
   size_t MinHeapDeltaBytes                        = 524288                                    {product} {ergonomic}
   size_t MinHeapSize                              = 104857600                                 {product} {command line}
   size_t NewSize                                  = 34603008                                  {product} {ergonomic}
    uintx NonNMethodCodeHeapSize                   = 5832780                                {pd product} {ergonomic}
    uintx NonProfiledCodeHeapSize                  = 122912730                              {pd product} {ergonomic}
   size_t OldSize                                  = 70254592                                  {product} {ergonomic}
    uintx ProfiledCodeHeapSize                     = 122912730                              {pd product} {ergonomic}
    uintx ReservedCodeCacheSize                    = 251658240                              {pd product} {ergonomic}
     bool SegmentedCodeCache                       = true                                      {product} {ergonomic}
   size_t SoftMaxHeapSize                          = 1073741824                             {manageable} {ergonomic}
     bool UseCompressedOops                        = true                           {product lp64_product} {ergonomic}
     bool UseLargePagesIndividualAllocation        = false                                  {pd product} {ergonomic}
     bool UseParallelGC                            = true                                      {product} {command line}

Logging:
Log output configuration:
 #0: stdout all=off uptime,level,tags foldmultilines=false
 #1: stderr all=off uptime,level,tags foldmultilines=false

Environment Variables:
JAVA_HOME=C:\jdk-17.0.14
PATH=C:\Program Files\Common Files\Oracle\Java\javapath;C:\Windows\system32;C:\Windows;C:\Windows\System32\Wbem;C:\Windows\System32\WindowsPowerShell\v1.0\;C:\Windows\System32\OpenSSH\;C:\Program Files\Git\cmd;C:\Program Files\AutoFirma\AutoFirma;C:\jdk-17.0.14\bin;C:\apache-maven-4.0.0-rc-3\bin;;c:\Users\Pc\AppData\Local\Programs\cursor\resources\app\bin;C:\Users\Pc\AppData\Local\Microsoft\WindowsApps;C:\Users\Pc\AppData\Local\Programs\Microsoft VS Code\bin;C:\Users\Pc\AppData\Local\Programs\cursor\resources\app\bin
USERNAME=Pc
OS=Windows_NT
PROCESSOR_IDENTIFIER=AMD64 Family 21 Model 48 Stepping 1, AuthenticAMD
TMP=C:\Users\Pc\AppData\Local\Temp
TEMP=C:\Users\Pc\AppData\Local\Temp




Periodic native trim disabled

---------------  S Y S T E M  ---------------

OS:
 Windows 10 , 64 bit Build 19041 (10.0.19041.5678)
OS uptime: 5 days 4:22 hours

CPU: total 4 (initial active 4) (4 cores per cpu, 1 threads per core) family 21 model 48 stepping 1 microcode 0x0, cx8, cmov, fxsr, mmx, 3dnowpref, sse, sse2, sse3, ssse3, sse4a, sse4.1, sse4.2, popcnt, lzcnt, tsc, tscinvbit, avx, aes, clmul, bmi1, fma, vzeroupper, clflush, rdtscp, f16c
Processor Information for the first 4 processors :
  Max Mhz: 1900, Current Mhz: 1900, Mhz Limit: 1900

Memory: 4k page, system-wide physical 15306M (6985M free)
TotalPageFile size 17610M (AvailPageFile size 6917M)
current process WorkingSet (physical memory assigned to process): 1062M, peak: 1136M
current process commit charge ("private bytes"): 1022M, peak: 1036M

vm_info: OpenJDK 64-Bit Server VM (21.0.6+7-LTS) for windows-amd64 JRE (21.0.6+7-LTS), built on 2025-01-21T00:00:00Z by "admin" with MS VC++ 17.7 (VS2022)

END.
